<?xml version="1.0" encoding="UTF-8"?>
<!-- Generated by org.testng.reporters.JUnitXMLReporter -->
<testsuite ignored="0" hostname="hanying-apabi" failures="1" tests="3" name="Surefire test" time="3.036" errors="0" timestamp="2019-09-20T13:42:35 CST">
  <testcase classname="apiTest" name="test1" time="1.894"/>
  <testcase classname="XibenTiTest" name="test2" time="0.002"/>
  <testcase classname="XibenTiTest" name="test实体词" time="0.118">
    <failure type="java.lang.NullPointerException">
      <![CDATA[java.lang.NullPointerException
at XibenTiTest.test实体词(XibenTiTest.java:41)
at java.base/java.util.ArrayList.forEach(ArrayList.java:1540)
... Removed 32 stack frames]]>
    </failure>
  </testcase> <!-- test实体词 -->
</testsuite> <!-- Surefire test -->
