-------------------------------------------------------------------------------
Test set: TestSuite
-------------------------------------------------------------------------------
Tests run: 3, Failures: 1, Errors: 0, Skipped: 0, Time elapsed: 4.183 s <<< FAILURE! - in TestSuite
test实体词(XibenTiTest)  Time elapsed: 0.124 s  <<< FAILURE!
java.lang.NullPointerException
	at XibenTiTest.test实体词(XibenTiTest.java:41)

