<?xml version="1.0" encoding="UTF-8"?>
<testsuite xmlns:xsi="http://www.w3.org/2001/XMLSchema-instance" xsi:noNamespaceSchemaLocation="https://maven.apache.org/surefire/maven-surefire-plugin/xsd/surefire-test-report-3.0.xsd" version="3.0" name="TestSuite" time="4.183" tests="3" errors="0" skipped="0" failures="1">
  <properties>
[...]
</properties>
  <testcase name="test1" classname="apiTest" time="1.85"/>
  <testcase name="test2" classname="XibenTiTest" time="0.006"/>
  <testcase name="test实体词" classname="XibenTiTest" time="0.124">
    <failure type="java.lang.NullPointerException">java.lang.NullPointerException
	at XibenTiTest.test实体词(XibenTiTest.java:41)
</failure>
  </testcase>
</testsuite>